Build started 12/10/2013 17:53:48.
     1>Project "C:\Users\AviB\Dropbox\Projects\HighFiveProject\Classifier\RealTime\Classifier\Classifier\Classifier.vcxproj" on node 2 (build target(s)).
     1>InitializeBuildStatus:
         Creating "Debug\Classifier.unsuccessfulbuild" because "AlwaysCreate" was specified.
       ClCompile:
         c:\Program Files (x86)\Microsoft Visual Studio 10.0\VC\bin\CL.exe /c /ZI /nologo /W3 /WX- /Od /Oy- /D _MBCS /Gm /EHsc /RTC1 /MDd /GS /fp:precise /Zc:wchar_t /Zc:forScope /Fo"Debug\\" /Fd"Debug\vc100.pdb" /Gd /TP /analyze- /errorReport:prompt ..\Classifier_v3.cpp
         Classifier_v3.cpp
       Link:
         c:\Program Files (x86)\Microsoft Visual Studio 10.0\VC\bin\link.exe /ERRORREPORT:PROMPT /OUT:"C:\Users\AviB\Dropbox\Projects\HighFiveProject\Classifier\RealTime\Classifier\Debug\Classifier.exe" /NOLOGO kernel32.lib user32.lib gdi32.lib winspool.lib comdlg32.lib advapi32.lib shell32.lib ole32.lib oleaut32.lib uuid.lib odbc32.lib odbccp32.lib /MANIFEST /ManifestFile:"Debug\Classifier.exe.intermediate.manifest" /MANIFESTUAC:"level='asInvoker' uiAccess='false'" /DEBUG /PDB:"C:\Users\AviB\Dropbox\Projects\HighFiveProject\Classifier\RealTime\Classifier\Debug\Classifier.pdb" /TLBID:1 /DYNAMICBASE /NXCOMPAT /IMPLIB:"C:\Users\AviB\Dropbox\Projects\HighFiveProject\Classifier\RealTime\Classifier\Debug\Classifier.lib" /MACHINE:X86 Debug\Classifier_v1.obj
         Debug\Classifier_v3.obj
         LINK : C:\Users\AviB\Dropbox\Projects\HighFiveProject\Classifier\RealTime\Classifier\Debug\Classifier.exe not found or not built by the last incremental link; performing full link
         Classifier.vcxproj -> C:\Users\AviB\Dropbox\Projects\HighFiveProject\Classifier\RealTime\Classifier\Debug\Classifier.exe
       Manifest:
         C:\Program Files (x86)\Microsoft SDKs\Windows\v7.0A\bin\mt.exe /nologo /verbose /outputresource:"C:\Users\AviB\Dropbox\Projects\HighFiveProject\Classifier\RealTime\Classifier\Debug\Classifier.exe;#1" /manifest Debug\Classifier.exe.intermediate.manifest
       FinalizeBuildStatus:
         Deleting file "Debug\Classifier.unsuccessfulbuild".
         Touching "Debug\Classifier.lastbuildstate".
     1>Done Building Project "C:\Users\AviB\Dropbox\Projects\HighFiveProject\Classifier\RealTime\Classifier\Classifier\Classifier.vcxproj" (build target(s)).

Build succeeded.

Time Elapsed 00:00:03.87
